# JRE version: Java(TM) SE Runtime Environment (8.0_66-b17) (build 1.8.0_66-b17)
# Java VM: Java HotSpot(TM) Client VM (25.66-b17 mixed mode windows-x86 )
Heap:
 def new generation   total 39424K, used 30756K [0x05200000, 0x07cc0000, 0x0fca0000)
  eden space 35072K,  87% used [0x05200000, 0x06fcc770, 0x07440000)
  from space 4352K,   5% used [0x07880000, 0x078bcc60, 0x07cc0000)
  to   space 4352K,   0% used [0x07440000, 0x07440000, 0x07880000)
 tenured generation   total 87424K, used 34242K [0x0fca0000, 0x15200000, 0x25200000)
   the space 87424K,  39% used [0x0fca0000, 0x11e10918, 0x11e10a00, 0x15200000)
 Metaspace       used 18633K, capacity 19060K, committed 19200K, reserved 19840K
GC Heap History (10 events):
Event: 11601.261 GC heap before
{Heap before GC invocations=17 (full 1):
 def new generation   total 39424K, used 39424K [0x05200000, 0x07cc0000, 0x0fca0000)
  eden space 35072K, 100% used [0x05200000, 0x07440000, 0x07440000)
  from space 4352K, 100% used [0x07440000, 0x07880000, 0x07880000)
  to   space 4352K,   0% used [0x07880000, 0x07880000, 0x07cc0000)
 tenured generation   total 87424K, used 30055K [0x0fca0000, 0x15200000, 0x25200000)
   the space 87424K,  34% used [0x0fca0000, 0x119f9fc0, 0x119fa000, 0x15200000)
 Metaspace       used 18591K, capacity 19028K, committed 19072K, reserved 19840K
Event: 11601.269 GC heap after
Heap after GC invocations=18 (full 1):
 def new generation   total 39424K, used 553K [0x05200000, 0x07cc0000, 0x0fca0000)
  eden space 35072K,   0% used [0x05200000, 0x05200000, 0x07440000)
  from space 4352K,  12% used [0x07880000, 0x0790a650, 0x07cc0000)
  to   space 4352K,   0% used [0x07440000, 0x07440000, 0x07880000)
 tenured generation   total 87424K, used 34242K [0x0fca0000, 0x15200000, 0x25200000)
   the space 87424K,  39% used [0x0fca0000, 0x11e10918, 0x11e10a00, 0x15200000)
 Metaspace       used 18591K, capacity 19028K, committed 19072K, reserved 19840K
}
Event: 12687.039 GC heap before
{Heap before GC invocations=18 (full 1):
 def new generation   total 39424K, used 35625K [0x05200000, 0x07cc0000, 0x0fca0000)
  eden space 35072K, 100% used [0x05200000, 0x07440000, 0x07440000)
  from space 4352K,  12% used [0x07880000, 0x0790a650, 0x07cc0000)
  to   space 4352K,   0% used [0x07440000, 0x07440000, 0x07880000)
 tenured generation   total 87424K, used 34242K [0x0fca0000, 0x15200000, 0x25200000)
   the space 87424K,  39% used [0x0fca0000, 0x11e10918, 0x11e10a00, 0x15200000)
 Metaspace       used 18633K, capacity 19060K, committed 19200K, reserved 19840K
Event: 12687.042 GC heap after
Heap after GC invocations=19 (full 1):
 def new generation   total 39424K, used 930K [0x05200000, 0x07cc0000, 0x0fca0000)
  eden space 35072K,   0% used [0x05200000, 0x05200000, 0x07440000)
  from space 4352K,  21% used [0x07440000, 0x07528908, 0x07880000)
  to   space 4352K,   0% used [0x07880000, 0x07880000, 0x07cc0000)
 tenured generation   total 87424K, used 34242K [0x0fca0000, 0x15200000, 0x25200000)
   the space 87424K,  39% used [0x0fca0000, 0x11e10918, 0x11e10a00, 0x15200000)
 Metaspace       used 18633K, capacity 19060K, committed 19200K, reserved 19840K
}
Event: 15579.472 GC heap before
{Heap before GC invocations=19 (full 1):
 def new generation   total 39424K, used 36002K [0x05200000, 0x07cc0000, 0x0fca0000)
  eden space 35072K, 100% used [0x05200000, 0x07440000, 0x07440000)
  from space 4352K,  21% used [0x07440000, 0x07528908, 0x07880000)
  to   space 4352K,   0% used [0x07880000, 0x07880000, 0x07cc0000)
 tenured generation   total 87424K, used 34242K [0x0fca0000, 0x15200000, 0x25200000)
   the space 87424K,  39% used [0x0fca0000, 0x11e10918, 0x11e10a00, 0x15200000)
 Metaspace       used 18633K, capacity 19060K, committed 19200K, reserved 19840K
Event: 15579.474 GC heap after
Heap after GC invocations=20 (full 1):
 def new generation   total 39424K, used 244K [0x05200000, 0x07cc0000, 0x0fca0000)
  eden space 35072K,   0% used [0x05200000, 0x05200000, 0x07440000)
  from space 4352K,   5% used [0x07880000, 0x078bd3c0, 0x07cc0000)
  to   space 4352K,   0% used [0x07440000, 0x07440000, 0x07880000)
 tenured generation   total 87424K, used 34242K [0x0fca0000, 0x15200000, 0x25200000)
   the space 87424K,  39% used [0x0fca0000, 0x11e10918, 0x11e10a00, 0x15200000)
 Metaspace       used 18633K, capacity 19060K, committed 19200K, reserved 19840K
}
Event: 18895.645 GC heap before
{Heap before GC invocations=20 (full 1):
 def new generation   total 39424K, used 35316K [0x05200000, 0x07cc0000, 0x0fca0000)
  eden space 35072K, 100% used [0x05200000, 0x07440000, 0x07440000)
  from space 4352K,   5% used [0x07880000, 0x078bd3c0, 0x07cc0000)
  to   space 4352K,   0% used [0x07440000, 0x07440000, 0x07880000)
 tenured generation   total 87424K, used 34242K [0x0fca0000, 0x15200000, 0x25200000)
   the space 87424K,  39% used [0x0fca0000, 0x11e10918, 0x11e10a00, 0x15200000)
 Metaspace       used 18633K, capacity 19060K, committed 19200K, reserved 19840K
Event: 18895.647 GC heap after
Heap after GC invocations=21 (full 1):
 def new generation   total 39424K, used 243K [0x05200000, 0x07cc0000, 0x0fca0000)
  eden space 35072K,   0% used [0x05200000, 0x05200000, 0x07440000)
  from space 4352K,   5% used [0x07440000, 0x0747cc58, 0x07880000)
  to   space 4352K,   0% used [0x07880000, 0x07880000, 0x07cc0000)
 tenured generation   total 87424K, used 34242K [0x0fca0000, 0x15200000, 0x25200000)
   the space 87424K,  39% used [0x0fca0000, 0x11e10918, 0x11e10a00, 0x15200000)
 Metaspace       used 18633K, capacity 19060K, committed 19200K, reserved 19840K
}
Event: 22437.507 GC heap before
{Heap before GC invocations=21 (full 1):
 def new generation   total 39424K, used 35315K [0x05200000, 0x07cc0000, 0x0fca0000)
  eden space 35072K, 100% used [0x05200000, 0x07440000, 0x07440000)
  from space 4352K,   5% used [0x07440000, 0x0747cc58, 0x07880000)
  to   space 4352K,   0% used [0x07880000, 0x07880000, 0x07cc0000)
 tenured generation   total 87424K, used 34242K [0x0fca0000, 0x15200000, 0x25200000)
   the space 87424K,  39% used [0x0fca0000, 0x11e10918, 0x11e10a00, 0x15200000)
 Metaspace       used 18633K, capacity 19060K, committed 19200K, reserved 19840K
Event: 22437.510 GC heap after
Heap after GC invocations=22 (full 1):
 def new generation   total 39424K, used 243K [0x05200000, 0x07cc0000, 0x0fca0000)
  eden space 35072K,   0% used [0x05200000, 0x05200000, 0x07440000)
  from space 4352K,   5% used [0x07880000, 0x078bcc60, 0x07cc0000)
  to   space 4352K,   0% used [0x07440000, 0x07440000, 0x07880000)
 tenured generation   total 87424K, used 34242K [0x0fca0000, 0x15200000, 0x25200000)
   the space 87424K,  39% used [0x0fca0000, 0x11e10918, 0x11e10a00, 0x15200000)
 Metaspace       used 18633K, capacity 19060K, committed 19200K, reserved 19840K
}

